[2015.11.25-14.00.47:220][  0]Log file open, 11/25/15 07:00:47
[2015.11.25-14.00.47:220][  0]LogInit:Display: Running engine for game: MyProject
[2015.11.25-14.00.47:220][  0]LogPlatformFile: Not using cached read wrapper
[2015.11.25-14.00.47:220][  0]LogInit:Display: RandInit(-4842023) SRandInit(-4842021).
[2015.11.25-14.00.47:220][  0]LogTaskGraph: Started task graph with 4 named threads and 7 total threads.
[2015.11.25-14.00.47:220][  0]LogStats: Stats thread started at 0.071747
[2015.11.25-14.00.47:220][  0]LogInit: Version: 4.10.0-2758231+++depot+UE4-Releases+4.10
[2015.11.25-14.00.47:220][  0]LogInit: API Version: 2758231
[2015.11.25-14.00.47:220][  0]LogInit: Compiled (64-bit): Nov  7 2015 05:13:45
[2015.11.25-14.00.47:220][  0]LogInit: Compiled with Visual C++: 19.00.23026.00
[2015.11.25-14.00.47:220][  0]LogInit: Build Configuration: Development
[2015.11.25-14.00.47:220][  0]LogInit: Branch Name: ++depot+UE4-Releases+4.10
[2015.11.25-14.00.47:220][  0]LogInit: Command line: 
[2015.11.25-14.00.47:220][  0]LogInit: Base directory: C:/Program Files/Epic Games/4.10/Engine/Binaries/Win64/
[2015.11.25-14.00.47:220][  0]LogInit: Rocket: 1
[2015.11.25-14.00.47:227][  0]LogInit: Using libcurl 7.41.0
[2015.11.25-14.00.47:227][  0]LogInit:  - built for x86_64-pc-win32
[2015.11.25-14.00.47:227][  0]LogInit:  - supports SSL with WinSSL
[2015.11.25-14.00.47:227][  0]LogInit:  - other features:
[2015.11.25-14.00.47:227][  0]LogInit:      CURL_VERSION_SSL
[2015.11.25-14.00.47:227][  0]LogInit:      CURL_VERSION_IPV6
[2015.11.25-14.00.47:227][  0]LogInit:      CURL_VERSION_ASYNCHDNS
[2015.11.25-14.00.47:227][  0]LogInit:      CURL_VERSION_LARGEFILE
[2015.11.25-14.00.47:227][  0]LogInit:      CURL_VERSION_IDN
[2015.11.25-14.00.47:227][  0]LogInit:  CurlRequestOptions (configurable via config and command line):
[2015.11.25-14.00.47:227][  0]LogInit:  - bVerifyPeer = true  - Libcurl will verify peer certificate
[2015.11.25-14.00.47:227][  0]LogInit:  - bUseHttpProxy = false  - Libcurl will NOT use HTTP proxy
[2015.11.25-14.00.47:228][  0]LogInit:  - bDontReuseConnections = false  - Libcurl will reuse connections
[2015.11.25-14.00.47:228][  0]LogInit:  - CertBundlePath = nullptr  - Libcurl will use whatever was configured at build time.
[2015.11.25-14.00.47:235][  0]LogInit: Presizing for 0 objects not considered by GC, pre-allocating 0 bytes.
[2015.11.25-14.00.47:242][  0]LogInit: Object subsystem initialized
[2015.11.25-14.00.47:243][  0]LogInit: Selected Device Profile: [Windows]
[2015.11.25-14.00.47:243][  0]LogInit: Applying CVar settings loaded from the selected device profile: [Windows]
[2015.11.25-14.00.47:252][  0]LogInit: Computer: DREW-PC
[2015.11.25-14.00.47:252][  0]LogInit: User: Drew
[2015.11.25-14.00.47:252][  0]LogInit: CPU Page size=4096, Cores=4
[2015.11.25-14.00.47:252][  0]LogInit: High frequency timer resolution =3.233281 MHz
[2015.11.25-14.00.47:252][  0]LogMemory: Memory total: Physical=16.0GB (16GB approx)
[2015.11.25-14.00.47:252][  0]LogMemory: Platform Memory Stats for Windows
[2015.11.25-14.00.47:252][  0]LogMemory: Process Physical Memory: 55.63 MB used, 55.63 MB peak
[2015.11.25-14.00.47:252][  0]LogMemory: Process Virtual Memory: 58.73 MB used, 58.73 MB peak
[2015.11.25-14.00.47:252][  0]LogMemory: Physical Memory: 7109.44 MB used, 16351.14 MB total
[2015.11.25-14.00.47:252][  0]LogMemory: Virtual Memory: 349.58 MB used, 8388608.00 MB total
[2015.11.25-14.00.47:288][  0]LogTextLocalizationManager: No specific translations for ('en-US') exist, so ('en') translations will be used.
[2015.11.25-14.00.47:690][  0]LogD3D11RHI: Found D3D11 adapter 0: NVIDIA GeForce GTX 770 (Feature Level 11_0)
[2015.11.25-14.00.47:690][  0]LogD3D11RHI: Adapter has 1989MB of dedicated video memory, 0MB of dedicated system memory, and 2048MB of shared system memory, 1 output[s]
[2015.11.25-14.00.47:690][  0]LogD3D11RHI: Chosen D3D11 Adapter Id = 0
[2015.11.25-14.00.47:704][  0]LogD3D11RHI: !Direct3DDevice
[2015.11.25-14.00.47:704][  0]LogRHI: Texture pool is 1361 MB (70% of 1945 MB)
[2015.11.25-14.00.47:713][  0]LogD3D11RHI: Async texture creation enabled
[2015.11.25-14.00.47:728][  0]LogShaderCompilers: Guid format shader working directory is -28 characters bigger than the processId version (../../../../../../Users/Drew/Documents/Unreal Projects/MorningSTar 4.10/Intermediate/Shaders/WorkingDirectory/103428/).
[2015.11.25-14.00.47:728][  0]LogShaderCompilers: Cleaned the shader compiler working directory 'C:/Users/Drew/AppData/Local/Temp/UnrealShaderWorkingDir/4E50C60F4B9D7C375E228FA9B1AA091D/'.
[2015.11.25-14.00.47:728][  0]LogShaderCompilers:Display: Using Local Shader Compiler.
[2015.11.25-14.00.48:972][  0]LogTemp:Display: Loaded TP AllDesktopTargetPlatform
[2015.11.25-14.00.48:978][  0]LogTemp:Display: Loaded TP WindowsClientTargetPlatform
[2015.11.25-14.00.48:982][  0]LogTemp:Display: Loaded TP WindowsNoEditorTargetPlatform
[2015.11.25-14.00.48:987][  0]LogTemp:Display: Loaded TP WindowsServerTargetPlatform
[2015.11.25-14.00.48:992][  0]LogTemp:Display: Loaded TP WindowsTargetPlatform
[2015.11.25-14.00.48:995][  0]LogTemp:Display: Loaded TP AndroidTargetPlatform
[2015.11.25-14.00.48:998][  0]LogTemp:Display: Loaded TP Android_ASTCTargetPlatform
[2015.11.25-14.00.49:001][  0]LogTemp:Display: Loaded TP Android_ATCTargetPlatform
[2015.11.25-14.00.49:004][  0]LogTemp:Display: Loaded TP Android_DXTTargetPlatform
[2015.11.25-14.00.49:007][  0]LogTemp:Display: Loaded TP Android_ETC1TargetPlatform
[2015.11.25-14.00.49:010][  0]LogTemp:Display: Loaded TP Android_ETC2TargetPlatform
[2015.11.25-14.00.49:016][  0]LogTemp:Display: Loaded TP Android_MultiTargetPlatform
[2015.11.25-14.00.49:016][  0]LogTemp:Display: Loaded TP Android_PVRTCTargetPlatform
[2015.11.25-14.00.49:017][  0]LogTemp:Display: Loaded TP HTML5TargetPlatform
[2015.11.25-14.00.49:033][  0]LogTemp:Display: Loaded TP IOSTargetPlatform
[2015.11.25-14.00.49:035][  0]LogTemp:Display: Loaded TP LinuxNoEditorTargetPlatform
[2015.11.25-14.00.49:038][  0]LogTemp:Display: Loaded TP LinuxServerTargetPlatform
[2015.11.25-14.00.49:041][  0]LogTemp:Display: Loaded TP LinuxTargetPlatform
[2015.11.25-14.00.49:041][  0]LogTargetPlatformManager:Display: Building Assets For Windows
[2015.11.25-14.00.49:127][  0]LogDerivedDataCache:Display: Max Cache Size: 512 MB
[2015.11.25-14.00.49:171][  0]LogDerivedDataCache: Loaded boot cache 0.04s 41MB C:/Users/Drew/AppData/Local/UnrealEngine/4.10/DerivedDataCache/Boot.ddc.
[2015.11.25-14.00.49:171][  0]LogDerivedDataCache:Display: Loaded Boot cache: C:/Users/Drew/AppData/Local/UnrealEngine/4.10/DerivedDataCache/Boot.ddc
[2015.11.25-14.00.49:171][  0]LogDerivedDataCache: FDerivedDataBackendGraph:  Pak pak cache file ../../../../../../Users/Drew/Documents/Unreal Projects/MorningSTar 4.10/DerivedDataCache/DDC.ddp not found, will not use a pak cache.
[2015.11.25-14.00.49:171][  0]LogDerivedDataCache: Unable to find inner node Pak for hierarchical cache Hierarchy.
[2015.11.25-14.00.49:171][  0]LogDerivedDataCache: FDerivedDataBackendGraph:  CompressedPak pak cache file ../../../../../../Users/Drew/Documents/Unreal Projects/MorningSTar 4.10/DerivedDataCache/Compressed.ddp not found, will not use a pak cache.
[2015.11.25-14.00.49:171][  0]LogDerivedDataCache: Unable to find inner node CompressedPak for hierarchical cache Hierarchy.
[2015.11.25-14.00.49:243][  0]LogDerivedDataCache:Display: Pak cache opened for reading ../../../Engine/DerivedDataCache/Compressed.ddp.
[2015.11.25-14.00.49:254][  0]LogDerivedDataCache: Using Local data cache path C:/Users/Drew/AppData/Local/UnrealEngine/Common/DerivedDataCache: Writable
[2015.11.25-14.00.49:425][  0]LogInit: Selected Device Profile: [Windows]
[2015.11.25-14.00.49:425][  0]LogContentStreaming: Texture pool size is 0.000000MB
[2015.11.25-14.00.49:471][  0]LogMeshUtilities: No automatic mesh reduction module available
[2015.11.25-14.00.49:471][  0]LogMeshUtilities: No automatic mesh merging module available
[2015.11.25-14.00.49:797][  0]LogInit: WinSock: version 1.1 (2.2), MaxSocks=32767, MaxUdp=65467
[2015.11.25-14.00.50:504][  0]UdpMessaging: Initializing bridge on interface 0.0.0.0:0 to multicast group 230.0.0.1:6666.
[2015.11.25-14.00.50:600][  0]LogAssetRegistry: FAssetRegistry took 0.0099 seconds to start up
[2015.11.25-14.00.50:755][  0]SourceControl: Info Source control is disabled
[2015.11.25-14.00.51:091][  0]LogObj: 28633 objects as part of root set at end of initial load.
[2015.11.25-14.00.51:091][  0]LogUObjectAllocator: 6099752 out of 0 bytes used by permanent object pool.
[2015.11.25-14.00.51:148][  0]LogEngine: Initializing Engine...
[2015.11.25-14.00.51:151][  0]LogHMD: Can't find Oculus library dev build: is proper Runtime installed? Version: 0.8.0.0
[2015.11.25-14.00.51:151][  0]LogHMD: SteamVR failed to initialize.  Err: 100
[2015.11.25-14.00.51:583][  0]LogMaterial: Missing cached shader map for material Couch_Grp_CouchBackMat, compiling. 
[2015.11.25-14.00.51:942][  0]LogMaterial: Missing cached shader map for material dark-hardwood-floors-cool-brown-wood-flooring-dark-cherry-wood-floor-mirror-home-design-dark-hardwood-floors_Mat, compiling. 
[2015.11.25-14.00.57:275][  0]LogMaterial: Missing cached shader map for material DoorTexture_Mat, compiling. 
[2015.11.25-14.00.57:306][  0]LogMaterial: Missing cached shader map for material DeskDrawer1Texture_Mat, compiling. 
[2015.11.25-14.00.57:400][  0]LogMaterial: Missing cached shader map for material DeskTexture_Mat, compiling. 
[2015.11.25-14.00.57:409][  0]LogMaterial: Missing cached shader map for material Couch_Color_Mat, compiling. 
[2015.11.25-14.00.57:417][  0]LogMaterial: Missing cached shader map for material CoffeeTable_InSculpt_Group2Mat, compiling. 
[2015.11.25-14.00.57:550][  0]LogMaterial: Missing cached shader map for material Cabinet_mat, compiling. 
[2015.11.25-14.00.57:606][  0]LogMaterial: Missing cached shader map for material Bookshelf_Mat, compiling. 
[2015.11.25-14.00.57:697][  0]LogMaterial: Missing cached shader map for material Books_4_Mat, compiling. 
[2015.11.25-14.00.57:705][  0]LogMaterial: Missing cached shader map for material Books_3_Mat, compiling. 
[2015.11.25-14.00.57:714][  0]LogMaterial: Missing cached shader map for material WoodPlanksOverlapping0019_1_S_Mat, compiling. 
[2015.11.25-14.00.57:804][  0]LogMaterial: Missing cached shader map for material Books_2_Mat, compiling. 
[2015.11.25-14.00.57:935][  0]LogMaterial: Missing cached shader map for material Books_1_Mat, compiling. 
[2015.11.25-14.00.58:099][  0]LogMaterial: Missing cached shader map for material Bed_Mat, compiling. 
[2015.11.25-14.00.58:134][  0]LogMaterial: Missing cached shader map for material FridgeBody_Color_Mat, compiling. 
[2015.11.25-14.00.58:143][  0]LogMaterial: Missing cached shader map for material DoorFrameTexture_Mat, compiling. 
[2015.11.25-14.00.58:177][  0]LogMaterial: Missing cached shader map for material FridgeHandle_Color_Mat, compiling. 
[2015.11.25-14.00.58:186][  0]LogMaterial: Missing cached shader map for material FridgeDoor_Color_Mat, compiling. 
[2015.11.25-14.00.58:194][  0]LogMaterial: Missing cached shader map for material OvalTable_Color_Mat, compiling. 
[2015.11.25-14.00.58:314][  0]LogMaterial: Missing cached shader map for material LanternTEX_Mat, compiling. 
[2015.11.25-14.00.58:323][  0]LogMaterial: Missing cached shader map for material OvalTableLegs_Color_Mat, compiling. 
[2015.11.25-14.00.58:353][  0]LogMaterial: Missing cached shader map for material RecordPlayerAccessories_Color_Mat, compiling. 
[2015.11.25-14.00.58:361][  0]LogMaterial: Missing cached shader map for material RecordPlayer_Color_Mat, compiling. 
[2015.11.25-14.00.58:369][  0]LogMaterial: Missing cached shader map for material Record_Texture_Mat, compiling. 
[2015.11.25-14.00.58:378][  0]LogMaterial: Missing cached shader map for material StoveTEX_Mat, compiling. 
[2015.11.25-14.00.58:387][  0]LogMaterial: Missing cached shader map for material Global, compiling. 
[2015.11.25-14.00.58:394][  0]LogMaterial: Missing cached shader map for material 01_-_Default, compiling. 
[2015.11.25-14.00.58:448][  0]LogAIModule: Creating AISystem for world morningstarmap
[2015.11.25-14.00.58:455][  0]LogAIModule: Creating AISystem for world NewWorld
[2015.11.25-14.00.58:462][  0]LogInit: XAudio2 using 'Speakers (2- SB Audigy)' : 2 channels at 48 kHz using 16 bits per sample (channel mask 0x3)
[2015.11.25-14.00.58:505][  0]LogInit: FAudioDevice initialized.
[2015.11.25-14.00.58:529][  0]LogDerivedDataCache: Saved boot cache 0.02s 48MB C:/Users/Drew/AppData/Local/UnrealEngine/4.10/DerivedDataCache/Boot.ddc.
[2015.11.25-14.00.58:536][  0]LogInit: Texture streaming: Enabled
[2015.11.25-14.00.58:541][  0]LogAnalytics: Creating configured Analytics provider AnalyticsET
[2015.11.25-14.00.58:542][  0]LogAnalytics: [UEEditor.Rocket.Release] APIServer = http://et2.epicgames.com/ET2/. AppVersion = 4.10.0-2758231+++depot+UE4-Releases+4.10
[2015.11.25-14.00.58:542][  0]LogAnalytics: [UEEditor.Rocket.Release] SetUserId c5684ced4c90a95266cdb4adab2d8887|176c7e307f3f4646ac82b56cf119a958|d96baea4-c844-4518-a952-72e88214593c
[2015.11.25-14.00.58:542][  0]LogAnalytics: [UEEditor.Rocket.Release] AnalyticsET::StartSession
[2015.11.25-14.00.58:588][  0]LogInit: Transaction tracking system initialized
[2015.11.25-14.00.58:623][  0]BlueprintLog: New page: Editor Load
[2015.11.25-14.00.58:707][  0]LocalizationService: Info Localization service is disabled
[2015.11.25-14.00.58:773][  0]LogConsoleResponse:Display: 
[2015.11.25-14.00.58:921][  0]LogFileCache: Scanning file cache for directory 'C:/Users/Drew/Documents/Unreal Projects/MorningSTar 4.10/Content/' took 0.02s
[2015.11.25-14.00.58:921][  0]LogCook:Display: Done creating registry. It took  0.00s.
[2015.11.25-14.00.59:047][  0]Cmd: MAP LOAD FILE="../../../../../../Users/Drew/Documents/Unreal Projects/MorningSTar 4.10/Content/Blueprints/morningstarmap.umap" TEMPLATE=0 SHOWPROGRESS=1 FEATURELEVEL=3
[2015.11.25-14.00.59:047][  0]LightingResults: New page: Lighting Build
[2015.11.25-14.00.59:051][  0]MapCheck: New page: Map Check
[2015.11.25-14.00.59:051][  0]LightingResults: New page: Lighting Build
[2015.11.25-14.00.59:068][  0]LogParticles: Destroying 0 GPU particle simulations for FXSystem 0x000000002B64D120
[2015.11.25-14.00.59:094][  0]LogEditorServer: Finished looking for orphan Actors (0.000 secs)
[2015.11.25-14.00.59:094][  0]Cmd: MAP CHECKDEP NOCLEARLOG
[2015.11.25-14.00.59:171][  0]MapCheck:Warning: Warning StaticMeshComponent0 StaticMeshComponent /Game/Blueprints/morningstarmap.morningstarmap:PersistentLevel.Couch_7.StaticMeshComponent0 : Externally referenced 
[2015.11.25-14.00.59:171][  0]MapCheck:Warning: Warning StaticMeshComponent0 StaticMeshComponent /Game/Blueprints/morningstarmap.morningstarmap:PersistentLevel.Floors2_15.StaticMeshComponent0 : Externally referenced 
[2015.11.25-14.00.59:171][  0]MapCheck:Warning: Warning StaticMeshComponent0 StaticMeshComponent /Game/Blueprints/morningstarmap.morningstarmap:PersistentLevel.Floors_29.StaticMeshComponent0 : Externally referenced 
[2015.11.25-14.00.59:171][  0]MapCheck:Warning: Warning StaticMeshComponent0 StaticMeshComponent /Game/Blueprints/morningstarmap.morningstarmap:PersistentLevel.LevelBottom_12.StaticMeshComponent0 : Externally referenced 
[2015.11.25-14.00.59:171][  0]MapCheck:Warning: Warning StaticMeshComponent0 StaticMeshComponent /Game/Blueprints/morningstarmap.morningstarmap:PersistentLevel.Bed_44.StaticMeshComponent0 : Externally referenced 
[2015.11.25-14.00.59:171][  0]MapCheck:Warning: Warning StaticMeshComponent0 StaticMeshComponent /Game/Blueprints/morningstarmap.morningstarmap:PersistentLevel.Bookshelf2_61.StaticMeshComponent0 : Externally referenced 
[2015.11.25-14.00.59:171][  0]MapCheck:Warning: Warning StaticMeshComponent0 StaticMeshComponent /Game/Blueprints/morningstarmap.morningstarmap:PersistentLevel.Bookshelf3_64.StaticMeshComponent0 : Externally referenced 
[2015.11.25-14.00.59:171][  0]MapCheck:Warning: Warning StaticMeshComponent0 StaticMeshComponent /Game/Blueprints/morningstarmap.morningstarmap:PersistentLevel.Bookshelf4.StaticMeshComponent0 : Externally referenced 
[2015.11.25-14.00.59:171][  0]MapCheck:Warning: Warning StaticMeshComponent0 StaticMeshComponent /Game/Blueprints/morningstarmap.morningstarmap:PersistentLevel.Bookshelf5.StaticMeshComponent0 : Externally referenced 
[2015.11.25-14.00.59:171][  0]MapCheck:Warning: Warning StaticMeshComponent0 StaticMeshComponent /Game/Blueprints/morningstarmap.morningstarmap:PersistentLevel.Bookshelf6.StaticMeshComponent0 : Externally referenced 
[2015.11.25-14.00.59:171][  0]MapCheck:Warning: Warning StaticMeshComponent0 StaticMeshComponent /Game/Blueprints/morningstarmap.morningstarmap:PersistentLevel.Bookshelf_55.StaticMeshComponent0 : Externally referenced 
[2015.11.25-14.00.59:171][  0]MapCheck:Warning: Warning StaticMeshComponent0 StaticMeshComponent /Game/Blueprints/morningstarmap.morningstarmap:PersistentLevel.CabinetOBJ_78.StaticMeshComponent0 : Externally referenced 
[2015.11.25-14.00.59:171][  0]MapCheck:Warning: Warning StaticMeshComponent0 StaticMeshComponent /Game/Blueprints/morningstarmap.morningstarmap:PersistentLevel.Couch_7.StaticMeshComponent0 : Externally referenced 
[2015.11.25-14.00.59:171][  0]MapCheck:Warning: Warning StaticMeshComponent0 StaticMeshComponent /Game/Blueprints/morningstarmap.morningstarmap:PersistentLevel.Desk_2__67.StaticMeshComponent0 : Externally referenced 
[2015.11.25-14.00.59:171][  0]MapCheck:Warning: Warning StaticMeshComponent0 StaticMeshComponent /Game/Blueprints/morningstarmap.morningstarmap:PersistentLevel.Desk_Drawers4.StaticMeshComponent0 : Externally referenced 
[2015.11.25-14.00.59:171][  0]MapCheck:Warning: Warning StaticMeshComponent0 StaticMeshComponent /Game/Blueprints/morningstarmap.morningstarmap:PersistentLevel.Desk_Drawers_73.StaticMeshComponent0 : Externally referenced 
[2015.11.25-14.00.59:171][  0]MapCheck:Warning: Warning StaticMeshComponent0 StaticMeshComponent /Game/Blueprints/morningstarmap.morningstarmap:PersistentLevel.Desk_Drawers2_70.StaticMeshComponent0 : Externally referenced 
[2015.11.25-14.00.59:171][  0]MapCheck:Warning: Warning StaticMeshComponent0 StaticMeshComponent /Game/Blueprints/morningstarmap.morningstarmap:PersistentLevel.Desk_Drawers3.StaticMeshComponent0 : Externally referenced 
[2015.11.25-14.00.59:171][  0]MapCheck:Warning: Warning StaticMeshComponent0 StaticMeshComponent /Game/Blueprints/morningstarmap.morningstarmap:PersistentLevel.Door_13.StaticMeshComponent0 : Externally referenced 
[2015.11.25-14.00.59:171][  0]MapCheck:Warning: Warning StaticMeshComponent0 StaticMeshComponent /Game/Blueprints/morningstarmap.morningstarmap:PersistentLevel.Door_Frame_10.StaticMeshComponent0 : Externally referenced 
[2015.11.25-14.00.59:172][  0]MapCheck:Warning: Warning StaticMeshComponent0 StaticMeshComponent /Game/Blueprints/morningstarmap.morningstarmap:PersistentLevel.Fridge_21.StaticMeshComponent0 : Externally referenced 
[2015.11.25-14.00.59:172][  0]MapCheck:Warning: Warning StaticMeshComponent0 StaticMeshComponent /Game/Blueprints/morningstarmap.morningstarmap:PersistentLevel.Lantern1OBJ10.StaticMeshComponent0 : Externally referenced 
[2015.11.25-14.00.59:172][  0]MapCheck:Warning: Warning StaticMeshComponent0 StaticMeshComponent /Game/Blueprints/morningstarmap.morningstarmap:PersistentLevel.Lantern1OBJ11.StaticMeshComponent0 : Externally referenced 
[2015.11.25-14.00.59:172][  0]MapCheck:Warning: Warning StaticMeshComponent0 StaticMeshComponent /Game/Blueprints/morningstarmap.morningstarmap:PersistentLevel.Lantern1OBJ2.StaticMeshComponent0 : Externally referenced 
[2015.11.25-14.00.59:172][  0]MapCheck:Warning: Warning StaticMeshComponent0 StaticMeshComponent /Game/Blueprints/morningstarmap.morningstarmap:PersistentLevel.Lantern1OBJ3.StaticMeshComponent0 : Externally referenced 
[2015.11.25-14.00.59:172][  0]MapCheck:Warning: Warning StaticMeshComponent0 StaticMeshComponent /Game/Blueprints/morningstarmap.morningstarmap:PersistentLevel.Lantern1OBJ4.StaticMeshComponent0 : Externally referenced 
[2015.11.25-14.00.59:172][  0]MapCheck:Warning: Warning StaticMeshComponent0 StaticMeshComponent /Game/Blueprints/morningstarmap.morningstarmap:PersistentLevel.Lantern1OBJ5.StaticMeshComponent0 : Externally referenced 
[2015.11.25-14.00.59:172][  0]MapCheck:Warning: Warning StaticMeshComponent0 StaticMeshComponent /Game/Blueprints/morningstarmap.morningstarmap:PersistentLevel.Lantern1OBJ6.StaticMeshComponent0 : Externally referenced 
[2015.11.25-14.00.59:172][  0]MapCheck:Warning: Warning StaticMeshComponent0 StaticMeshComponent /Game/Blueprints/morningstarmap.morningstarmap:PersistentLevel.Lantern1OBJ7.StaticMeshComponent0 : Externally referenced 
[2015.11.25-14.00.59:172][  0]MapCheck:Warning: Warning StaticMeshComponent0 StaticMeshComponent /Game/Blueprints/morningstarmap.morningstarmap:PersistentLevel.Lantern1OBJ8.StaticMeshComponent0 : Externally referenced 
[2015.11.25-14.00.59:172][  0]MapCheck:Warning: Warning StaticMeshComponent0 StaticMeshComponent /Game/Blueprints/morningstarmap.morningstarmap:PersistentLevel.Lantern1OBJ9.StaticMeshComponent0 : Externally referenced 
[2015.11.25-14.00.59:172][  0]MapCheck:Warning: Warning StaticMeshComponent0 StaticMeshComponent /Game/Blueprints/morningstarmap.morningstarmap:PersistentLevel.Lantern1OBJ_22.StaticMeshComponent0 : Externally referenced 
[2015.11.25-14.00.59:172][  0]MapCheck:Warning: Warning StaticMeshComponent0 StaticMeshComponent /Game/Blueprints/morningstarmap.morningstarmap:PersistentLevel.OvalDinnerTable_52.StaticMeshComponent0 : Externally referenced 
[2015.11.25-14.00.59:172][  0]MapCheck:Warning: Warning StaticMeshComponent0 StaticMeshComponent /Game/Blueprints/morningstarmap.morningstarmap:PersistentLevel.RecordPlayer_Open_4.StaticMeshComponent0 : Externally referenced 
[2015.11.25-14.00.59:172][  0]MapCheck:Warning: Warning StaticMeshComponent0 StaticMeshComponent /Game/Blueprints/morningstarmap.morningstarmap:PersistentLevel.StoveOBJ_47.StaticMeshComponent0 : Externally referenced 
[2015.11.25-14.00.59:172][  0]MapCheck:Warning: Warning StaticMeshComponent0 StaticMeshComponent /Game/Blueprints/morningstarmap.morningstarmap:PersistentLevel.Floors2_15.StaticMeshComponent0 : Externally referenced 
[2015.11.25-14.00.59:172][  0]MapCheck:Warning: Warning StaticMeshComponent0 StaticMeshComponent /Game/Blueprints/morningstarmap.morningstarmap:PersistentLevel.Floors_29.StaticMeshComponent0 : Externally referenced 
[2015.11.25-14.00.59:172][  0]MapCheck:Warning: Warning StaticMeshComponent0 StaticMeshComponent /Game/Blueprints/morningstarmap.morningstarmap:PersistentLevel.Level_38.StaticMeshComponent0 : Externally referenced 
[2015.11.25-14.00.59:172][  0]MapCheck:Warning: Warning StaticMeshComponent0 StaticMeshComponent /Game/Blueprints/morningstarmap.morningstarmap:PersistentLevel.LevelBottom_12.StaticMeshComponent0 : Externally referenced 
[2015.11.25-14.00.59:172][  0]MapCheck: Info Map check complete: 0 Error(s), 39 Warning(s), took 78.103ms to complete.
[2015.11.25-14.00.59:275][  0]LogFileHelpers: Loading map 'morningstarmap' took 0.228
[2015.11.25-14.01.05:533][  0]LogCollectionManager: Loaded 0 collections in 0.001797 seconds
[2015.11.25-14.01.07:260][  0]LogFileCache: Scanning file cache for directory 'C:/Users/Drew/Documents/Unreal Projects/MorningSTar 4.10/Saved/Collections/' took 0.01s
[2015.11.25-14.01.07:260][  0]LogFileCache: Scanning file cache for directory 'C:/Users/Drew/Documents/Unreal Projects/MorningSTar 4.10/Content/Developers/Drew/Collections/' took 0.00s
[2015.11.25-14.01.07:260][  0]LogFileCache: Scanning file cache for directory 'C:/Users/Drew/Documents/Unreal Projects/MorningSTar 4.10/Content/Collections/' took 0.01s
[2015.11.25-14.01.07:260][  0]LogCollectionManager: Rebuilt the GUID cache for 0 collections in 0.000002 seconds
[2015.11.25-14.01.07:439][  0]LogContentBrowser: Native class hierarchy populated in 0.0938 seconds. Added 1893 classes and 338 folders.
[2015.11.25-14.01.07:886][  0]LogContentBrowser: Native class hierarchy updated for 'WidgetCarousel' in 0.0003 seconds. Added 0 classes and 0 folders.
[2015.11.25-14.01.12:812][  0]LogContentBrowser: Native class hierarchy updated for 'AddContentDialog' in 0.0003 seconds. Added 0 classes and 0 folders.
[2015.11.25-14.01.12:882][  0]LogContentBrowser: Native class hierarchy updated for 'SceneOutliner' in 0.0003 seconds. Added 1 classes and 2 folders.
[2015.11.25-14.01.14:571][  0]LogCrashTracker: Crashtracker disabled due to settings.
[2015.11.25-14.01.14:971][  0]LogLoad: Full Startup: 28.17 seconds (BP compile: 0.04 seconds)
[2015.11.25-14.01.15:313][  0]LogOcInput: Can't find Oculus library dev build: is proper Runtime installed? Version: 0.8.0.0
[2015.11.25-14.01.16:466][  0]SourceControl: Info On branch master
[2015.11.25-14.01.16:466][  0]SourceControl: Info Changes to be committed:
[2015.11.25-14.01.16:466][  0]SourceControl: Info   (use "git reset HEAD <file>..." to unstage)
[2015.11.25-14.01.16:466][  0]SourceControl: Info 	new file:   .gitignore
[2015.11.25-14.01.16:466][  0]SourceControl: Info 	new file:   MyProject.uproject
[2015.11.25-14.01.16:466][  0]SourceControl: Info Changes not staged for commit:
[2015.11.25-14.01.16:466][  0]SourceControl: Info   (use "git add <file>..." to update what will be committed)
[2015.11.25-14.01.16:466][  0]SourceControl: Info   (use "git checkout -- <file>..." to discard changes in working directory)
[2015.11.25-14.01.16:466][  0]SourceControl: Info 	modified:   MyProject.uproject
[2015.11.25-14.01.16:466][  0]SourceControl: Info Untracked files:
[2015.11.25-14.01.16:466][  0]SourceControl: Info   (use "git add <file>..." to include in what will be committed)
[2015.11.25-14.01.16:466][  0]SourceControl: Info 	Build/
[2015.11.25-14.01.16:466][  0]SourceControl: Info 	Content/.gitattributes
[2015.11.25-14.01.16:466][  0]SourceControl: Info 	Content/.gitignore
[2015.11.25-14.01.16:466][  0]SourceControl: Info 	MorningSTar/
[2015.11.25-14.01.16:466][  0]LogContentStreaming: Texture pool size now 1000 MB
[2015.11.25-14.01.18:146][  0]LogRenderer: Reallocating scene render targets to support 1208x572 (Frame:2).
[2015.11.25-14.01.21:031][  6]LogAssetRegistry: Asset discovery search completed in 30.4403 seconds
[2015.11.25-14.01.21:031][  6]LogCollectionManager: Rebuilt the object cache for 0 collections in 0.000001 seconds (found 0 objects)
[2015.11.25-14.01.21:031][  6]LogCollectionManager: Fixed up redirectors for 0 collections in 0.000019 seconds (updated 0 objects)
[2015.11.25-14.02.32:824][476]SourceControl: Info On branch master
[2015.11.25-14.02.32:824][476]SourceControl: Info Changes to be committed:
[2015.11.25-14.02.32:824][476]SourceControl: Info   (use "git reset HEAD <file>..." to unstage)
[2015.11.25-14.02.32:824][476]SourceControl: Info 	new file:   .gitignore
[2015.11.25-14.02.32:825][476]SourceControl: Info 	new file:   MyProject.uproject
[2015.11.25-14.02.32:825][476]SourceControl: Info Changes not staged for commit:
[2015.11.25-14.02.32:825][476]SourceControl: Info   (use "git add <file>..." to update what will be committed)
[2015.11.25-14.02.32:825][476]SourceControl: Info   (use "git checkout -- <file>..." to discard changes in working directory)
[2015.11.25-14.02.32:825][476]SourceControl: Info 	modified:   MyProject.uproject
[2015.11.25-14.02.32:825][476]SourceControl: Info Untracked files:
[2015.11.25-14.02.32:825][476]SourceControl: Info   (use "git add <file>..." to include in what will be committed)
[2015.11.25-14.02.32:825][476]SourceControl: Info 	Build/
[2015.11.25-14.02.32:825][476]SourceControl: Info 	Content/.gitattributes
[2015.11.25-14.02.32:825][476]SourceControl: Info 	Content/.gitignore
[2015.11.25-14.02.32:825][476]SourceControl: Info 	MorningSTar/
[2015.11.25-14.04.34:291][438]SourceControl: Info On branch master
[2015.11.25-14.04.34:291][438]SourceControl: Info Changes to be committed:
[2015.11.25-14.04.34:291][438]SourceControl: Info   (use "git reset HEAD <file>..." to unstage)
[2015.11.25-14.04.34:291][438]SourceControl: Info 	new file:   .gitignore
[2015.11.25-14.04.34:291][438]SourceControl: Info 	new file:   MyProject.uproject
[2015.11.25-14.04.34:291][438]SourceControl: Info Changes not staged for commit:
[2015.11.25-14.04.34:291][438]SourceControl: Info   (use "git add <file>..." to update what will be committed)
[2015.11.25-14.04.34:291][438]SourceControl: Info   (use "git checkout -- <file>..." to discard changes in working directory)
[2015.11.25-14.04.34:291][438]SourceControl: Info 	modified:   MyProject.uproject
[2015.11.25-14.04.34:291][438]SourceControl: Info Untracked files:
[2015.11.25-14.04.34:291][438]SourceControl: Info   (use "git add <file>..." to include in what will be committed)
[2015.11.25-14.04.34:291][438]SourceControl: Info 	Build/
[2015.11.25-14.04.34:291][438]SourceControl: Info 	Content/.gitattributes
[2015.11.25-14.04.34:291][438]SourceControl: Info 	Content/.gitignore
[2015.11.25-14.04.34:292][438]SourceControl: Info 	MorningSTar/
[2015.11.25-14.04.35:881][526]Cmd: QUIT_EDITOR
[2015.11.25-14.04.36:066][526]LogExit: Preparing to exit.
[2015.11.25-14.04.36:633][526]LogExit: Editor shut down
[2015.11.25-14.04.36:633][526]LogParticles: Destroying 0 GPU particle simulations for FXSystem 0x000000003B79F880
[2015.11.25-14.04.36:634][526]LogParticles: Destroying 0 GPU particle simulations for FXSystem 0x000000001108D800
[2015.11.25-14.04.36:635][526]LogParticles: Destroying 0 GPU particle simulations for FXSystem 0x00000000123D09A0
[2015.11.25-14.04.36:636][526]LogExit: Transaction tracking system shut down
[2015.11.25-14.04.36:763][526]LogExit: Object subsystem successfully closed.
[2015.11.25-14.04.36:779][526]LogD3D11RHI: Shutdown
[2015.11.25-14.04.36:779][526]LogD3D11RHI: CleanupD3DDevice
[2015.11.25-14.04.36:829][526]LogD3D11RHI: ~FD3D11DynamicRHI
[2015.11.25-14.04.36:849][526]LogModuleManager: Shutting down and abandoning module CrashTracker (198)
[2015.11.25-14.04.36:849][526]LogModuleManager: Shutting down and abandoning module SceneOutliner (197)
[2015.11.25-14.04.36:849][526]LogModuleManager: Shutting down and abandoning module SuperSearch (196)
[2015.11.25-14.04.36:849][526]LogModuleManager: Shutting down and abandoning module WidgetCarousel (195)
[2015.11.25-14.04.36:849][526]LogModuleManager: Shutting down and abandoning module AddContentDialog (194)
[2015.11.25-14.04.36:851][526]LogModuleManager: Shutting down and abandoning module EditorWidgets (193)
[2015.11.25-14.04.36:851][526]LogModuleManager: Shutting down and abandoning module CollectionManager (192)
[2015.11.25-14.04.36:851][526]LogModuleManager: Shutting down and abandoning module StatsViewer (191)
[2015.11.25-14.04.36:851][526]LogModuleManager: Shutting down and abandoning module FoliageEdit (190)
[2015.11.25-14.04.36:851][526]LogModuleManager: Shutting down and abandoning module LandscapeEditor (189)
[2015.11.25-14.04.36:851][526]LogModuleManager: Shutting down and abandoning module ActorPickerMode (188)
[2015.11.25-14.04.36:851][526]LogModuleManager: Shutting down and abandoning module GeometryMode (187)
[2015.11.25-14.04.36:851][526]LogModuleManager: Shutting down and abandoning module TextureAlignMode (186)
[2015.11.25-14.04.36:851][526]LogModuleManager: Shutting down and abandoning module BspMode (185)
[2015.11.25-14.04.36:851][526]LogModuleManager: Shutting down and abandoning module PlacementMode (184)
[2015.11.25-14.04.36:851][526]LogModuleManager: Shutting down and abandoning module AutomationWorker (183)
[2015.11.25-14.04.36:851][526]LogModuleManager: Shutting down and abandoning module CharacterAI (182)
[2015.11.25-14.04.36:851][526]LogModuleManager: Shutting down and abandoning module SmartSnapping (181)
[2015.11.25-14.04.36:851][526]LogModuleManager: Shutting down and abandoning module ViewportSnapping (180)
[2015.11.25-14.04.36:851][526]LogModuleManager: Shutting down and abandoning module LogVisualizer (179)
[2015.11.25-14.04.36:851][526]LogModuleManager: Shutting down and abandoning module GameProjectGeneration (178)
[2015.11.25-14.04.36:851][526]LogModuleManager: Shutting down and abandoning module IntroTutorials (177)
[2015.11.25-14.04.36:851][526]LogModuleManager: Shutting down and abandoning module EditorLiveStreaming (176)
[2015.11.25-14.04.36:851][526]LogModuleManager: Shutting down and abandoning module IOSPlatformEditor (175)
[2015.11.25-14.04.36:851][526]LogModuleManager: Shutting down and abandoning module HTML5PlatformEditor (174)
[2015.11.25-14.04.36:851][526]LogModuleManager: Shutting down and abandoning module AndroidDeviceDetection (173)
[2015.11.25-14.04.37:109][526]LogModuleManager: Shutting down and abandoning module AndroidPlatformEditor (172)
[2015.11.25-14.04.37:109][526]LogModuleManager: Shutting down and abandoning module IOSRuntimeSettings (171)
[2015.11.25-14.04.37:109][526]LogModuleManager: Shutting down and abandoning module AndroidRuntimeSettings (170)
[2015.11.25-14.04.37:109][526]LogModuleManager: Shutting down and abandoning module MergeActors (169)
[2015.11.25-14.04.37:109][526]LogModuleManager: Shutting down and abandoning module SizeMap (168)
[2015.11.25-14.04.37:109][526]LogModuleManager: Shutting down and abandoning module TreeMap (167)
[2015.11.25-14.04.37:109][526]LogModuleManager: Shutting down and abandoning module ReferenceViewer (166)
[2015.11.25-14.04.37:109][526]LogModuleManager: Shutting down and abandoning module LocalizationService (165)
[2015.11.25-14.04.37:109][526]LogModuleManager: Shutting down and abandoning module LocalizationDashboard (164)
[2015.11.25-14.04.37:109][526]LogModuleManager: Shutting down and abandoning module HardwareTargeting (163)
[2015.11.25-14.04.37:109][526]LogModuleManager: Shutting down and abandoning module DeviceProfileEditor (162)
[2015.11.25-14.04.37:109][526]LogModuleManager: Shutting down and abandoning module UndoHistory (161)
[2015.11.25-14.04.37:109][526]LogModuleManager: Shutting down and abandoning module GameplayTagsEditor (160)
[2015.11.25-14.04.37:109][526]LogModuleManager: Shutting down and abandoning module UserFeedback (159)
[2015.11.25-14.04.37:109][526]LogModuleManager: Shutting down and abandoning module XmlParser (158)
[2015.11.25-14.04.37:109][526]LogModuleManager: Shutting down and abandoning module Blutility (157)
[2015.11.25-14.04.37:109][526]LogModuleManager: Shutting down and abandoning module ProjectTargetPlatformEditor (156)
[2015.11.25-14.04.37:109][526]LogModuleManager: Shutting down and abandoning module ProjectSettingsViewer (155)
[2015.11.25-14.04.37:109][526]LogModuleManager: Shutting down and abandoning module InputBindingEditor (154)
[2015.11.25-14.04.37:110][526]LogModuleManager: Shutting down and abandoning module EditorSettingsViewer (153)
[2015.11.25-14.04.37:110][526]LogModuleManager: Shutting down and abandoning module SettingsEditor (152)
[2015.11.25-14.04.37:110][526]LogModuleManager: Shutting down and abandoning module ProjectLauncher (151)
[2015.11.25-14.04.37:110][526]LogModuleManager: Shutting down and abandoning module SessionFrontend (150)
[2015.11.25-14.04.37:110][526]LogModuleManager: Shutting down and abandoning module ProfilerClient (149)
[2015.11.25-14.04.37:110][526]LogModuleManager: Shutting down and abandoning module TargetDeviceServices (148)
[2015.11.25-14.04.37:110][526]LogModuleManager: Shutting down and abandoning module DeviceManager (147)
[2015.11.25-14.04.37:110][526]LogModuleManager: Shutting down and abandoning module AutomationController (146)
[2015.11.25-14.04.37:110][526]LogModuleManager: Shutting down and abandoning module AutomationWindow (145)
[2015.11.25-14.04.37:110][526]LogModuleManager: Shutting down and abandoning module Layers (144)
[2015.11.25-14.04.37:110][526]LogModuleManager: Shutting down and abandoning module ComponentVisualizers (143)
[2015.11.25-14.04.37:110][526]LogModuleManager: Shutting down and abandoning module DetailCustomizations (142)
[2015.11.25-14.04.37:110][526]LogModuleManager: Shutting down and abandoning module PackagesDialog (141)
[2015.11.25-14.04.37:110][526]LogModuleManager: Shutting down and abandoning module Persona (140)
[2015.11.25-14.04.37:110][526]LogModuleManager: Shutting down and abandoning module Kismet (139)
[2015.11.25-14.04.37:110][526]LogModuleManager: Shutting down and abandoning module GraphEditor (138)
[2015.11.25-14.04.37:110][526]LogModuleManager: Shutting down and abandoning module ClassViewer (137)
[2015.11.25-14.04.37:110][526]LogModuleManager: Shutting down and abandoning module Toolbox (136)
[2015.11.25-14.04.37:110][526]LogModuleManager: Shutting down and abandoning module ModuleUI (135)
[2015.11.25-14.04.37:110][526]LogModuleManager: Shutting down and abandoning module MovieSceneTools (134)
[2015.11.25-14.04.37:110][526]LogModuleManager: Shutting down and abandoning module OutputLog (133)
[2015.11.25-14.04.37:110][526]LogModuleManager: Shutting down and abandoning module GammaUI (132)
[2015.11.25-14.04.37:110][526]LogModuleManager: Shutting down and abandoning module Documentation (131)
[2015.11.25-14.04.37:110][526]LogModuleManager: Shutting down and abandoning module GameLiveStreaming (130)
[2015.11.25-14.04.37:110][526]LogModuleManager: Shutting down and abandoning module StreamingPauseRendering (129)
[2015.11.25-14.04.37:110][526]LogModuleManager: Shutting down and abandoning module AnalyticsET (128)
[2015.11.25-14.04.37:110][526]LogModuleManager: Shutting down and abandoning module Analytics (127)
[2015.11.25-14.04.37:110][526]LogModuleManager: Shutting down and abandoning module AITestSuite (126)
[2015.11.25-14.04.37:110][526]LogModuleManager: Shutting down and abandoning module GameplayDebugger (125)
[2015.11.25-14.04.37:110][526]LogModuleManager: Shutting down and abandoning module AIModule (124)
[2015.11.25-14.04.37:111][526]LogModuleManager: Shutting down and abandoning module ProfilerService (123)
[2015.11.25-14.04.37:273][526]LogModuleManager: Shutting down and abandoning module TaskGraph (122)
[2015.11.25-14.04.37:273][526]LogModuleManager: Shutting down and abandoning module SlateRemote (121)
[2015.11.25-14.04.37:273][526]LogModuleManager: Shutting down and abandoning module SteamVRController (120)
[2015.11.25-14.04.37:273][526]LogModuleManager: Shutting down and abandoning module SteamVR (119)
[2015.11.25-14.04.37:273][526]LogModuleManager: Shutting down and abandoning module ProceduralMeshComponent (118)
[2015.11.25-14.04.37:273][526]LogModuleManager: Shutting down and abandoning module OculusLibrary (117)
[2015.11.25-14.04.37:273][526]LogModuleManager: Shutting down and abandoning module OculusInput (116)
[2015.11.25-14.04.37:273][526]LogModuleManager: Shutting down and abandoning module LeapMotionController (115)
[2015.11.25-14.04.37:293][526]LogModuleManager: Shutting down and abandoning module CustomMeshComponent (114)
[2015.11.25-14.04.37:293][526]LogModuleManager: Shutting down and abandoning module CableComponent (113)
[2015.11.25-14.04.37:293][526]LogModuleManager: Shutting down and abandoning module ArchVisCharacter (112)
[2015.11.25-14.04.37:293][526]LogModuleManager: Shutting down and abandoning module MessagingDebugger (111)
[2015.11.25-14.04.37:293][526]LogModuleManager: Shutting down and abandoning module MediaPlayerEditor (110)
[2015.11.25-14.04.37:293][526]LogModuleManager: Shutting down and abandoning module HTML5Networking (109)
[2015.11.25-14.04.37:293][526]LogModuleManager: Shutting down and abandoning module SpeedTreeImporter (108)
[2015.11.25-14.04.37:293][526]LogModuleManager: Shutting down and abandoning module PluginBrowser (107)
[2015.11.25-14.04.37:293][526]LogModuleManager: Shutting down and abandoning module EpicSurvey (106)
[2015.11.25-14.04.37:293][526]LogModuleManager: Shutting down and abandoning module DesktopPlatform (105)
[2015.11.25-14.04.37:293][526]LogModuleManager: Shutting down and abandoning module VisualStudioSourceCodeAccess (104)
[2015.11.25-14.04.37:293][526]LogModuleManager: Shutting down and abandoning module UObjectPlugin (103)
[2015.11.25-14.04.37:293][526]LogModuleManager: Shutting down and abandoning module SubversionSourceControl (102)
[2015.11.25-14.04.37:293][526]LogModuleManager: Shutting down and abandoning module PerforceSourceControl (101)
[2015.11.25-14.04.37:293][526]LogModuleManager: Shutting down and abandoning module SourceControl (100)
[2015.11.25-14.04.37:293][526]LogModuleManager: Shutting down and abandoning module GitSourceControl (99)
[2015.11.25-14.04.37:293][526]LogModuleManager: Shutting down and abandoning module LightPropagationVolumeEditor (98)
[2015.11.25-14.04.37:293][526]LogModuleManager: Shutting down and abandoning module PaperTiledImporter (97)
[2015.11.25-14.04.37:293][526]LogModuleManager: Shutting down and abandoning module PaperSpriteSheetImporter (96)
[2015.11.25-14.04.37:293][526]LogModuleManager: Shutting down and abandoning module MeshPaint (95)
[2015.11.25-14.04.37:293][526]LogModuleManager: Shutting down and abandoning module SlateReflector (94)
[2015.11.25-14.04.37:293][526]LogModuleManager: Shutting down and abandoning module HotReload (93)
[2015.11.25-14.04.37:293][526]LogModuleManager: Shutting down and abandoning module MainFrame (92)
[2015.11.25-14.04.37:293][526]LogModuleManager: Shutting down and abandoning module LevelEditor (91)
[2015.11.25-14.04.37:294][526]LogModuleManager: Shutting down and abandoning module DirectoryWatcher (90)
[2015.11.25-14.04.37:295][526]LogModuleManager: Shutting down and abandoning module AssetRegistry (89)
[2015.11.25-14.04.37:331][526]LogModuleManager: Shutting down and abandoning module ContentBrowser (88)
[2015.11.25-14.04.37:332][526]LogModuleManager: Shutting down and abandoning module Paper2DEditor (87)
[2015.11.25-14.04.37:332][526]LogModuleManager: Shutting down and abandoning module UdpMessaging (86)
[2015.11.25-14.04.37:432][526]LogModuleManager: Shutting down and abandoning module LightPropagationVolumeRuntime (85)
[2015.11.25-14.04.37:432][526]LogModuleManager: Shutting down and abandoning module Paper2D (84)
[2015.11.25-14.04.37:432][526]LogModuleManager: Shutting down and abandoning module WindowsMoviePlayer (83)
[2015.11.25-14.04.37:437][526]LogModuleManager: Shutting down and abandoning module Media (82)
[2015.11.25-14.04.37:437][526]LogModuleManager: Shutting down and abandoning module WmfMedia (81)
[2015.11.25-14.04.37:438][526]LogModuleManager: Shutting down and abandoning module OnlineBlueprintSupport (80)
[2015.11.25-14.04.37:438][526]LogModuleManager: Shutting down and abandoning module GameplayTasksEditor (79)
[2015.11.25-14.04.37:438][526]LogModuleManager: Shutting down and abandoning module PropertyEditor (78)
[2015.11.25-14.04.37:438][526]LogModuleManager: Shutting down and abandoning module BehaviorTreeEditor (77)
[2015.11.25-14.04.37:438][526]LogModuleManager: Shutting down and abandoning module FunctionalTesting (76)
[2015.11.25-14.04.37:438][526]LogModuleManager: Shutting down and abandoning module CollisionAnalyzer (75)
[2015.11.25-14.04.37:438][526]LogModuleManager: Shutting down and abandoning module WorkspaceMenuStructure (74)
[2015.11.25-14.04.37:438][526]LogModuleManager: Shutting down and abandoning module MessageLog (73)
[2015.11.25-14.04.37:439][526]LogModuleManager: Shutting down and abandoning module Sequencer (72)
[2015.11.25-14.04.37:439][526]LogModuleManager: Shutting down and abandoning module AssetTools (71)
[2015.11.25-14.04.37:439][526]LogModuleManager: Shutting down and abandoning module UMGEditor (70)
[2015.11.25-14.04.37:439][526]LogModuleManager: Shutting down and abandoning module UMG (69)
[2015.11.25-14.04.37:439][526]LogModuleManager: Shutting down and abandoning module Slate (68)
[2015.11.25-14.04.37:439][526]LogModuleManager: Shutting down and abandoning module EditorStyle (67)
[2015.11.25-14.04.37:443][526]LogModuleManager: Shutting down and abandoning module SessionServices (66)
[2015.11.25-14.04.37:443][526]LogModuleManager: Shutting down and abandoning module SourceCodeAccess (65)
[2015.11.25-14.04.37:443][526]LogModuleManager: Shutting down and abandoning module HeadMountedDisplay (64)
[2015.11.25-14.04.37:443][526]LogModuleManager: Shutting down and abandoning module XAudio2 (63)
[2015.11.25-14.04.37:443][526]LogModuleManager: Shutting down and abandoning module Networking (61)
[2015.11.25-14.04.37:443][526]LogModuleManager: Shutting down and abandoning module Core (60)
[2015.11.25-14.04.37:443][526]LogModuleManager: Shutting down and abandoning module KismetCompiler (59)
[2015.11.25-14.04.37:443][526]LogModuleManager: Shutting down and abandoning module PhysXFormats (58)
[2015.11.25-14.04.37:443][526]LogModuleManager: Shutting down and abandoning module MeshUtilities (57)
[2015.11.25-14.04.37:443][526]LogModuleManager: Shutting down and abandoning module DerivedDataCache (56)
[2015.11.25-14.04.37:447][526]LogDerivedDataCache: Shutdown
[2015.11.25-14.04.37:447][526]LogModuleManager: Shutting down and abandoning module ShaderFormatOpenGL (55)
[2015.11.25-14.04.37:447][526]LogModuleManager: Shutting down and abandoning module ShaderFormatD3D (54)
[2015.11.25-14.04.37:447][526]LogModuleManager: Shutting down and abandoning module MetalShaderFormat (53)
[2015.11.25-14.04.37:448][526]LogModuleManager: Shutting down and abandoning module TextureFormatUncompressed (52)
[2015.11.25-14.04.37:448][526]LogModuleManager: Shutting down and abandoning module TextureFormatPVR (51)
[2015.11.25-14.04.37:448][526]LogModuleManager: Shutting down and abandoning module TextureFormatIntelISPCTexComp (50)
[2015.11.25-14.04.37:448][526]LogModuleManager: Shutting down and abandoning module TextureFormatDXT (49)
[2015.11.25-14.04.37:448][526]LogModuleManager: Shutting down and abandoning module ImageWrapper (48)
[2015.11.25-14.04.37:448][526]LogModuleManager: Shutting down and abandoning module TextureFormatASTC (47)
[2015.11.25-14.04.37:448][526]LogModuleManager: Shutting down and abandoning module TextureFormatAndroid (46)
[2015.11.25-14.04.37:448][526]LogModuleManager: Shutting down and abandoning module AudioFormatOpus (45)
[2015.11.25-14.04.37:448][526]LogModuleManager: Shutting down and abandoning module AudioFormatOgg (44)
[2015.11.25-14.04.37:448][526]LogModuleManager: Shutting down and abandoning module AudioFormatADPCM (43)
[2015.11.25-14.04.37:448][526]LogModuleManager: Shutting down and abandoning module LinuxTargetPlatform (42)
[2015.11.25-14.04.37:448][526]LogModuleManager: Shutting down and abandoning module LinuxServerTargetPlatform (41)
[2015.11.25-14.04.37:448][526]LogModuleManager: Shutting down and abandoning module LinuxNoEditorTargetPlatform (40)
[2015.11.25-14.04.37:448][526]LogModuleManager: Shutting down and abandoning module Messaging (39)
[2015.11.25-14.04.37:448][526]LogModuleManager: Shutting down and abandoning module IOSTargetPlatform (38)
[2015.11.25-14.04.37:448][526]LogModuleManager: Shutting down and abandoning module HTML5TargetPlatform (37)
[2015.11.25-14.04.37:448][526]LogModuleManager: Shutting down and abandoning module Android_PVRTCTargetPlatform (36)
[2015.11.25-14.04.37:448][526]LogModuleManager: Shutting down and abandoning module Android_MultiTargetPlatform (35)
[2015.11.25-14.04.37:448][526]LogModuleManager: Shutting down and abandoning module Android_ETC2TargetPlatform (34)
[2015.11.25-14.04.37:448][526]LogModuleManager: Shutting down and abandoning module Android_ETC1TargetPlatform (33)
[2015.11.25-14.04.37:448][526]LogModuleManager: Shutting down and abandoning module Android_DXTTargetPlatform (32)
[2015.11.25-14.04.37:448][526]LogModuleManager: Shutting down and abandoning module Android_ATCTargetPlatform (31)
[2015.11.25-14.04.37:448][526]LogModuleManager: Shutting down and abandoning module Android_ASTCTargetPlatform (30)
[2015.11.25-14.04.37:448][526]LogModuleManager: Shutting down and abandoning module AndroidTargetPlatform (29)
[2015.11.25-14.04.37:448][526]LogModuleManager: Shutting down and abandoning module WindowsTargetPlatform (28)
[2015.11.25-14.04.37:448][526]LogModuleManager: Shutting down and abandoning module WindowsServerTargetPlatform (27)
[2015.11.25-14.04.37:448][526]LogModuleManager: Shutting down and abandoning module WindowsNoEditorTargetPlatform (26)
[2015.11.25-14.04.37:448][526]LogModuleManager: Shutting down and abandoning module WindowsClientTargetPlatform (25)
[2015.11.25-14.04.37:448][526]LogModuleManager: Shutting down and abandoning module AllDesktopTargetPlatform (24)
[2015.11.25-14.04.37:448][526]LogModuleManager: Shutting down and abandoning module TargetPlatform (23)
[2015.11.25-14.04.37:448][526]LogModuleManager: Shutting down and abandoning module InputCore (22)
[2015.11.25-14.04.37:448][526]LogModuleManager: Shutting down and abandoning module Settings (21)
[2015.11.25-14.04.37:448][526]LogModuleManager: Shutting down and abandoning module OnlineSubsystem (19)
[2015.11.25-14.04.37:448][526]LogModuleManager: Shutting down and abandoning module HTTP (18)
[2015.11.25-14.04.39:450][526]LogModuleManager: Shutting down and abandoning module XMPP (17)
[2015.11.25-14.04.39:450][526]LogModuleManager: Shutting down and abandoning module OculusRift (16)
[2015.11.25-14.04.39:450][526]LogModuleManager: Shutting down and abandoning module ExampleDeviceProfileSelector (15)
[2015.11.25-14.04.39:450][526]LogModuleManager: Shutting down and abandoning module TextureCompressor (14)
[2015.11.25-14.04.39:450][526]LogModuleManager: Shutting down and abandoning module ShaderCore (13)
[2015.11.25-14.04.39:450][526]LogModuleManager: Shutting down and abandoning module Landscape (12)
[2015.11.25-14.04.39:450][526]LogModuleManager: Shutting down and abandoning module SlateRHIRenderer (11)
[2015.11.25-14.04.39:452][526]LogModuleManager: Shutting down and abandoning module OpenGLDrv (10)
[2015.11.25-14.04.39:452][526]LogModuleManager: Shutting down and abandoning module D3D11RHI (9)
[2015.11.25-14.04.39:452][526]LogModuleManager: Shutting down and abandoning module AnimGraphRuntime (8)
[2015.11.25-14.04.39:452][526]LogModuleManager: Shutting down and abandoning module Renderer (7)
[2015.11.25-14.04.39:452][526]LogModuleManager: Shutting down and abandoning module Engine (6)
[2015.11.25-14.04.39:452][526]LogModuleManager: Shutting down and abandoning module CoreUObject (5)
[2015.11.25-14.04.39:452][526]LogModuleManager: Shutting down and abandoning module NetworkFile (4)
[2015.11.25-14.04.39:452][526]LogModuleManager: Shutting down and abandoning module StreamingFile (3)
[2015.11.25-14.04.39:452][526]LogModuleManager: Shutting down and abandoning module SandboxFile (2)
[2015.11.25-14.04.39:452][526]LogModuleManager: Shutting down and abandoning module PakFile (1)
[2015.11.25-14.04.39:454][526]LogExit: Exiting.
[2015.11.25-14.04.39:486][526]Log file closed, 11/25/15 07:04:39
